{"/Users/mindtech/Desktop/crm-app/mini-crm/src/app.js": {"path":"/Users/mindtech/Desktop/crm-app/mini-crm/src/app.js","statementMap":{"0":{"start":{"line":1,"column":16},"end":{"line":1,"column":34}},"1":{"start":{"line":2,"column":23},"end":{"line":2,"column":52}},"2":{"start":{"line":3,"column":22},"end":{"line":3,"column":50}},"3":{"start":{"line":5,"column":20},"end":{"line":5,"column":46}},"4":{"start":{"line":6,"column":18},"end":{"line":6,"column":41}},"5":{"start":{"line":8,"column":12},"end":{"line":8,"column":21}},"6":{"start":{"line":10,"column":0},"end":{"line":10,"column":24}},"7":{"start":{"line":11,"column":0},"end":{"line":11,"column":48}},"8":{"start":{"line":14,"column":23},"end":{"line":14,"column":40}},"9":{"start":{"line":15,"column":16},"end":{"line":15,"column":45}},"10":{"start":{"line":17,"column":0},"end":{"line":28,"column":3}},"11":{"start":{"line":18,"column":18},"end":{"line":18,"column":59}},"12":{"start":{"line":19,"column":16},"end":{"line":19,"column":25}},"13":{"start":{"line":20,"column":2},"end":{"line":20,"column":32}},"14":{"start":{"line":23,"column":2},"end":{"line":23,"column":39}},"15":{"start":{"line":25,"column":2},"end":{"line":27,"column":5}},"16":{"start":{"line":26,"column":4},"end":{"line":26,"column":11}},"17":{"start":{"line":31,"column":15},"end":{"line":31,"column":38}},"18":{"start":{"line":32,"column":0},"end":{"line":55,"column":3}},"19":{"start":{"line":33,"column":16},"end":{"line":33,"column":26}},"20":{"start":{"line":36,"column":2},"end":{"line":41,"column":5}},"21":{"start":{"line":44,"column":2},"end":{"line":52,"column":5}},"22":{"start":{"line":45,"column":21},"end":{"line":45,"column":39}},"23":{"start":{"line":46,"column":4},"end":{"line":51,"column":7}},"24":{"start":{"line":54,"column":2},"end":{"line":54,"column":9}},"25":{"start":{"line":57,"column":0},"end":{"line":57,"column":42}},"26":{"start":{"line":58,"column":0},"end":{"line":58,"column":40}},"27":{"start":{"line":59,"column":0},"end":{"line":59,"column":36}},"28":{"start":{"line":60,"column":0},"end":{"line":60,"column":31}},"29":{"start":{"line":63,"column":18},"end":{"line":63,"column":47}},"30":{"start":{"line":64,"column":13},"end":{"line":64,"column":30}},"31":{"start":{"line":66,"column":24},"end":{"line":66,"column":56}},"32":{"start":{"line":67,"column":0},"end":{"line":67,"column":72}},"33":{"start":{"line":70,"column":0},"end":{"line":72,"column":3}},"34":{"start":{"line":71,"column":2},"end":{"line":71,"column":64}},"35":{"start":{"line":75,"column":13},"end":{"line":75,"column":28}},"36":{"start":{"line":76,"column":0},"end":{"line":76,"column":59}},"37":{"start":{"line":77,"column":0},"end":{"line":77,"column":66}},"38":{"start":{"line":78,"column":0},"end":{"line":78,"column":83}},"39":{"start":{"line":81,"column":0},"end":{"line":83,"column":3}},"40":{"start":{"line":82,"column":2},"end":{"line":82,"column":56}},"41":{"start":{"line":85,"column":0},"end":{"line":85,"column":41}},"42":{"start":{"line":87,"column":0},"end":{"line":87,"column":21}}},"fnMap":{"0":{"name":"(anonymous_0)","decl":{"start":{"line":17,"column":8},"end":{"line":17,"column":9}},"loc":{"start":{"line":17,"column":28},"end":{"line":28,"column":1}},"line":17},"1":{"name":"(anonymous_1)","decl":{"start":{"line":25,"column":21},"end":{"line":25,"column":22}},"loc":{"start":{"line":25,"column":27},"end":{"line":27,"column":3}},"line":25},"2":{"name":"(anonymous_2)","decl":{"start":{"line":32,"column":8},"end":{"line":32,"column":9}},"loc":{"start":{"line":32,"column":28},"end":{"line":55,"column":1}},"line":32},"3":{"name":"(anonymous_3)","decl":{"start":{"line":44,"column":19},"end":{"line":44,"column":20}},"loc":{"start":{"line":44,"column":25},"end":{"line":52,"column":3}},"line":44},"4":{"name":"(anonymous_4)","decl":{"start":{"line":70,"column":19},"end":{"line":70,"column":20}},"loc":{"start":{"line":70,"column":33},"end":{"line":72,"column":1}},"line":70},"5":{"name":"(anonymous_5)","decl":{"start":{"line":81,"column":8},"end":{"line":81,"column":9}},"loc":{"start":{"line":81,"column":28},"end":{"line":83,"column":1}},"line":81}},"branchMap":{"0":{"loc":{"start":{"line":18,"column":18},"end":{"line":18,"column":59}},"type":"binary-expr","locations":[{"start":{"line":18,"column":18},"end":{"line":18,"column":43}},{"start":{"line":18,"column":47},"end":{"line":18,"column":59}}],"line":18}},"s":{"0":5,"1":5,"2":5,"3":5,"4":5,"5":5,"6":5,"7":5,"8":5,"9":5,"10":5,"11":31,"12":31,"13":31,"14":31,"15":31,"16":31,"17":5,"18":5,"19":31,"20":31,"21":31,"22":31,"23":31,"24":31,"25":5,"26":5,"27":5,"28":5,"29":5,"30":5,"31":5,"32":5,"33":5,"34":0,"35":5,"36":5,"37":5,"38":5,"39":5,"40":0,"41":5,"42":5},"f":{"0":31,"1":31,"2":31,"3":31,"4":0,"5":0},"b":{"0":[31,31]},"_coverageSchema":"1a1c01bbd47fc00a2c39e90264f33305004495a9","hash":"010b51589f1b6c5f540b14ea453f3920ba12d3f8"}
,"/Users/mindtech/Desktop/crm-app/mini-crm/src/config/index.js": {"path":"/Users/mindtech/Desktop/crm-app/mini-crm/src/config/index.js","statementMap":{"0":{"start":{"line":1,"column":15},"end":{"line":1,"column":32}},"1":{"start":{"line":3,"column":0},"end":{"line":3,"column":16}},"2":{"start":{"line":5,"column":0},"end":{"line":27,"column":2}}},"fnMap":{},"branchMap":{"0":{"loc":{"start":{"line":7,"column":10},"end":{"line":7,"column":52}},"type":"binary-expr","locations":[{"start":{"line":7,"column":10},"end":{"line":7,"column":44}},{"start":{"line":7,"column":48},"end":{"line":7,"column":52}}],"line":7},"1":{"loc":{"start":{"line":8,"column":9},"end":{"line":8,"column":46}},"type":"binary-expr","locations":[{"start":{"line":8,"column":9},"end":{"line":8,"column":29}},{"start":{"line":8,"column":33},"end":{"line":8,"column":46}}],"line":8},"2":{"loc":{"start":{"line":13,"column":10},"end":{"line":13,"column":44}},"type":"binary-expr","locations":[{"start":{"line":13,"column":10},"end":{"line":13,"column":29}},{"start":{"line":13,"column":33},"end":{"line":13,"column":44}}],"line":13},"3":{"loc":{"start":{"line":14,"column":10},"end":{"line":14,"column":51}},"type":"binary-expr","locations":[{"start":{"line":14,"column":10},"end":{"line":14,"column":43}},{"start":{"line":14,"column":47},"end":{"line":14,"column":51}}],"line":14},"4":{"loc":{"start":{"line":15,"column":14},"end":{"line":15,"column":47}},"type":"binary-expr","locations":[{"start":{"line":15,"column":14},"end":{"line":15,"column":33}},{"start":{"line":15,"column":37},"end":{"line":15,"column":47}}],"line":15},"5":{"loc":{"start":{"line":16,"column":14},"end":{"line":16,"column":47}},"type":"binary-expr","locations":[{"start":{"line":16,"column":14},"end":{"line":16,"column":33}},{"start":{"line":16,"column":37},"end":{"line":16,"column":47}}],"line":16},"6":{"loc":{"start":{"line":17,"column":14},"end":{"line":17,"column":41}},"type":"binary-expr","locations":[{"start":{"line":17,"column":14},"end":{"line":17,"column":33}},{"start":{"line":17,"column":37},"end":{"line":17,"column":41}}],"line":17},"7":{"loc":{"start":{"line":19,"column":13},"end":{"line":19,"column":68}},"type":"cond-expr","locations":[{"start":{"line":19,"column":49},"end":{"line":19,"column":60}},{"start":{"line":19,"column":63},"end":{"line":19,"column":68}}],"line":19}},"s":{"0":12,"1":12,"2":12},"f":{},"b":{"0":[12,0],"1":[12,0],"2":[12,0],"3":[12,0],"4":[12,0],"5":[12,0],"6":[12,0],"7":[0,12]},"_coverageSchema":"1a1c01bbd47fc00a2c39e90264f33305004495a9","hash":"89c3b3e4bae64cf4be3850b583cbb66f918e050e"}
,"/Users/mindtech/Desktop/crm-app/mini-crm/src/controllers/customerController.js": {"path":"/Users/mindtech/Desktop/crm-app/mini-crm/src/controllers/customerController.js","statementMap":{"0":{"start":{"line":1,"column":24},"end":{"line":1,"column":62}},"1":{"start":{"line":5,"column":8},"end":{"line":10,"column":9}},"2":{"start":{"line":6,"column":29},"end":{"line":6,"column":75}},"3":{"start":{"line":7,"column":12},"end":{"line":7,"column":43}},"4":{"start":{"line":9,"column":12},"end":{"line":9,"column":59}},"5":{"start":{"line":14,"column":8},"end":{"line":19,"column":9}},"6":{"start":{"line":15,"column":30},"end":{"line":15,"column":70}},"7":{"start":{"line":16,"column":12},"end":{"line":16,"column":32}},"8":{"start":{"line":18,"column":12},"end":{"line":18,"column":59}},"9":{"start":{"line":23,"column":8},"end":{"line":29,"column":9}},"10":{"start":{"line":24,"column":29},"end":{"line":24,"column":74}},"11":{"start":{"line":25,"column":12},"end":{"line":25,"column":88}},"12":{"start":{"line":25,"column":27},"end":{"line":25,"column":88}},"13":{"start":{"line":26,"column":12},"end":{"line":26,"column":31}},"14":{"start":{"line":28,"column":12},"end":{"line":28,"column":59}},"15":{"start":{"line":33,"column":8},"end":{"line":39,"column":9}},"16":{"start":{"line":34,"column":28},"end":{"line":34,"column":81}},"17":{"start":{"line":35,"column":12},"end":{"line":35,"column":87}},"18":{"start":{"line":35,"column":26},"end":{"line":35,"column":87}},"19":{"start":{"line":36,"column":12},"end":{"line":36,"column":30}},"20":{"start":{"line":38,"column":12},"end":{"line":38,"column":59}},"21":{"start":{"line":44,"column":0},"end":{"line":44,"column":42}}},"fnMap":{"0":{"name":"(anonymous_0)","decl":{"start":{"line":4,"column":4},"end":{"line":4,"column":5}},"loc":{"start":{"line":4,"column":27},"end":{"line":11,"column":5}},"line":4},"1":{"name":"(anonymous_1)","decl":{"start":{"line":13,"column":4},"end":{"line":13,"column":5}},"loc":{"start":{"line":13,"column":27},"end":{"line":20,"column":5}},"line":13},"2":{"name":"(anonymous_2)","decl":{"start":{"line":22,"column":4},"end":{"line":22,"column":5}},"loc":{"start":{"line":22,"column":28},"end":{"line":30,"column":5}},"line":22},"3":{"name":"(anonymous_3)","decl":{"start":{"line":32,"column":4},"end":{"line":32,"column":5}},"loc":{"start":{"line":32,"column":27},"end":{"line":40,"column":5}},"line":32}},"branchMap":{"0":{"loc":{"start":{"line":25,"column":12},"end":{"line":25,"column":88}},"type":"if","locations":[{"start":{"line":25,"column":12},"end":{"line":25,"column":88}},{"start":{},"end":{}}],"line":25},"1":{"loc":{"start":{"line":35,"column":12},"end":{"line":35,"column":87}},"type":"if","locations":[{"start":{"line":35,"column":12},"end":{"line":35,"column":87}},{"start":{},"end":{}}],"line":35}},"s":{"0":5,"1":3,"2":3,"3":2,"4":1,"5":5,"6":5,"7":4,"8":1,"9":3,"10":3,"11":2,"12":1,"13":1,"14":1,"15":3,"16":3,"17":2,"18":1,"19":1,"20":1,"21":5},"f":{"0":3,"1":5,"2":3,"3":3},"b":{"0":[1,1],"1":[1,1]},"_coverageSchema":"1a1c01bbd47fc00a2c39e90264f33305004495a9","hash":"34579281e26d0f16bd60ecb2367b2604f7e0faac"}
,"/Users/mindtech/Desktop/crm-app/mini-crm/src/controllers/etlController.js": {"path":"/Users/mindtech/Desktop/crm-app/mini-crm/src/controllers/etlController.js","statementMap":{"0":{"start":{"line":1,"column":19},"end":{"line":1,"column":52}},"1":{"start":{"line":5,"column":8},"end":{"line":25,"column":9}},"2":{"start":{"line":7,"column":12},"end":{"line":15,"column":13}},"3":{"start":{"line":14,"column":16},"end":{"line":14,"column":84}},"4":{"start":{"line":17,"column":27},"end":{"line":17,"column":93}},"5":{"start":{"line":19,"column":12},"end":{"line":22,"column":15}},"6":{"start":{"line":24,"column":12},"end":{"line":24,"column":59}},"7":{"start":{"line":29,"column":0},"end":{"line":29,"column":37}}},"fnMap":{"0":{"name":"(anonymous_0)","decl":{"start":{"line":4,"column":4},"end":{"line":4,"column":5}},"loc":{"start":{"line":4,"column":36},"end":{"line":26,"column":5}},"line":4}},"branchMap":{"0":{"loc":{"start":{"line":7,"column":12},"end":{"line":15,"column":13}},"type":"if","locations":[{"start":{"line":7,"column":12},"end":{"line":15,"column":13}},{"start":{},"end":{}}],"line":7}},"s":{"0":5,"1":3,"2":3,"3":1,"4":2,"5":1,"6":1,"7":5},"f":{"0":3},"b":{"0":[1,2]},"_coverageSchema":"1a1c01bbd47fc00a2c39e90264f33305004495a9","hash":"2edd7135dda568ceb4168edbd3ebb6515005ded1"}
,"/Users/mindtech/Desktop/crm-app/mini-crm/src/controllers/orderController.js": {"path":"/Users/mindtech/Desktop/crm-app/mini-crm/src/controllers/orderController.js","statementMap":{"0":{"start":{"line":1,"column":21},"end":{"line":1,"column":56}},"1":{"start":{"line":2,"column":24},"end":{"line":2,"column":62}},"2":{"start":{"line":6,"column":8},"end":{"line":20,"column":9}},"3":{"start":{"line":7,"column":57},"end":{"line":7,"column":65}},"4":{"start":{"line":9,"column":12},"end":{"line":11,"column":13}},"5":{"start":{"line":10,"column":16},"end":{"line":10,"column":81}},"6":{"start":{"line":13,"column":35},"end":{"line":13,"column":81}},"7":{"start":{"line":15,"column":26},"end":{"line":15,"column":99}},"8":{"start":{"line":17,"column":12},"end":{"line":17,"column":40}},"9":{"start":{"line":19,"column":12},"end":{"line":19,"column":59}},"10":{"start":{"line":24,"column":8},"end":{"line":30,"column":9}},"11":{"start":{"line":25,"column":26},"end":{"line":25,"column":68}},"12":{"start":{"line":26,"column":12},"end":{"line":26,"column":82}},"13":{"start":{"line":26,"column":24},"end":{"line":26,"column":82}},"14":{"start":{"line":27,"column":12},"end":{"line":27,"column":28}},"15":{"start":{"line":29,"column":12},"end":{"line":29,"column":59}},"16":{"start":{"line":34,"column":8},"end":{"line":40,"column":9}},"17":{"start":{"line":35,"column":31},"end":{"line":35,"column":39}},"18":{"start":{"line":36,"column":26},"end":{"line":36,"column":80}},"19":{"start":{"line":37,"column":12},"end":{"line":37,"column":28}},"20":{"start":{"line":39,"column":12},"end":{"line":39,"column":59}},"21":{"start":{"line":44,"column":0},"end":{"line":44,"column":39}}},"fnMap":{"0":{"name":"(anonymous_0)","decl":{"start":{"line":5,"column":4},"end":{"line":5,"column":5}},"loc":{"start":{"line":5,"column":27},"end":{"line":21,"column":5}},"line":5},"1":{"name":"(anonymous_1)","decl":{"start":{"line":23,"column":4},"end":{"line":23,"column":5}},"loc":{"start":{"line":23,"column":28},"end":{"line":31,"column":5}},"line":23},"2":{"name":"(anonymous_2)","decl":{"start":{"line":33,"column":4},"end":{"line":33,"column":5}},"loc":{"start":{"line":33,"column":33},"end":{"line":41,"column":5}},"line":33}},"branchMap":{"0":{"loc":{"start":{"line":9,"column":12},"end":{"line":11,"column":13}},"type":"if","locations":[{"start":{"line":9,"column":12},"end":{"line":11,"column":13}},{"start":{},"end":{}}],"line":9},"1":{"loc":{"start":{"line":26,"column":12},"end":{"line":26,"column":82}},"type":"if","locations":[{"start":{"line":26,"column":12},"end":{"line":26,"column":82}},{"start":{},"end":{}}],"line":26}},"s":{"0":5,"1":5,"2":3,"3":3,"4":3,"5":1,"6":2,"7":1,"8":1,"9":1,"10":3,"11":3,"12":2,"13":1,"14":1,"15":1,"16":2,"17":2,"18":2,"19":1,"20":1,"21":5},"f":{"0":3,"1":3,"2":2},"b":{"0":[1,2],"1":[1,1]},"_coverageSchema":"1a1c01bbd47fc00a2c39e90264f33305004495a9","hash":"1c4d8445c7c222a445bcd0a69d9aa9a188941a01"}
,"/Users/mindtech/Desktop/crm-app/mini-crm/src/controllers/productController.js": {"path":"/Users/mindtech/Desktop/crm-app/mini-crm/src/controllers/productController.js","statementMap":{"0":{"start":{"line":1,"column":23},"end":{"line":1,"column":60}},"1":{"start":{"line":5,"column":8},"end":{"line":10,"column":9}},"2":{"start":{"line":6,"column":28},"end":{"line":6,"column":65}},"3":{"start":{"line":7,"column":12},"end":{"line":7,"column":42}},"4":{"start":{"line":9,"column":12},"end":{"line":9,"column":59}},"5":{"start":{"line":14,"column":8},"end":{"line":19,"column":9}},"6":{"start":{"line":15,"column":29},"end":{"line":15,"column":59}},"7":{"start":{"line":16,"column":12},"end":{"line":16,"column":31}},"8":{"start":{"line":18,"column":12},"end":{"line":18,"column":59}},"9":{"start":{"line":23,"column":8},"end":{"line":31,"column":9}},"10":{"start":{"line":24,"column":27},"end":{"line":24,"column":37}},"11":{"start":{"line":25,"column":33},"end":{"line":25,"column":41}},"12":{"start":{"line":27,"column":28},"end":{"line":27,"column":88}},"13":{"start":{"line":28,"column":12},"end":{"line":28,"column":30}},"14":{"start":{"line":30,"column":12},"end":{"line":30,"column":59}},"15":{"start":{"line":35,"column":0},"end":{"line":35,"column":41}}},"fnMap":{"0":{"name":"(anonymous_0)","decl":{"start":{"line":4,"column":4},"end":{"line":4,"column":5}},"loc":{"start":{"line":4,"column":27},"end":{"line":11,"column":5}},"line":4},"1":{"name":"(anonymous_1)","decl":{"start":{"line":13,"column":4},"end":{"line":13,"column":5}},"loc":{"start":{"line":13,"column":27},"end":{"line":20,"column":5}},"line":13},"2":{"name":"(anonymous_2)","decl":{"start":{"line":22,"column":4},"end":{"line":22,"column":5}},"loc":{"start":{"line":22,"column":32},"end":{"line":32,"column":5}},"line":22}},"branchMap":{},"s":{"0":5,"1":2,"2":2,"3":1,"4":1,"5":2,"6":2,"7":1,"8":1,"9":2,"10":2,"11":2,"12":2,"13":1,"14":1,"15":5},"f":{"0":2,"1":2,"2":2},"b":{},"_coverageSchema":"1a1c01bbd47fc00a2c39e90264f33305004495a9","hash":"687c7cc9b5ece081f69def93e748e8fa2577f0da"}
,"/Users/mindtech/Desktop/crm-app/mini-crm/src/lib/asyncContext.js": {"path":"/Users/mindtech/Desktop/crm-app/mini-crm/src/lib/asyncContext.js","statementMap":{"0":{"start":{"line":1,"column":30},"end":{"line":1,"column":52}},"1":{"start":{"line":3,"column":26},"end":{"line":3,"column":49}},"2":{"start":{"line":5,"column":0},"end":{"line":5,"column":35}}},"fnMap":{},"branchMap":{},"s":{"0":7,"1":7,"2":7},"f":{},"b":{},"_coverageSchema":"1a1c01bbd47fc00a2c39e90264f33305004495a9","hash":"314d5fe86d78787ab74ecf4c81517c13b151d81d"}
,"/Users/mindtech/Desktop/crm-app/mini-crm/src/lib/logger.js": {"path":"/Users/mindtech/Desktop/crm-app/mini-crm/src/lib/logger.js","statementMap":{"0":{"start":{"line":1,"column":45},"end":{"line":1,"column":63}},"1":{"start":{"line":2,"column":13},"end":{"line":2,"column":28}},"2":{"start":{"line":4,"column":15},"end":{"line":36,"column":2}},"3":{"start":{"line":17,"column":26},"end":{"line":17,"column":51}},"4":{"start":{"line":18,"column":26},"end":{"line":18,"column":60}},"5":{"start":{"line":19,"column":27},"end":{"line":19,"column":66}},"6":{"start":{"line":21,"column":10},"end":{"line":23,"column":11}},"7":{"start":{"line":22,"column":12},"end":{"line":22,"column":78}},"8":{"start":{"line":24,"column":10},"end":{"line":24,"column":65}},"9":{"start":{"line":38,"column":0},"end":{"line":38,"column":24}}},"fnMap":{"0":{"name":"(anonymous_0)","decl":{"start":{"line":16,"column":22},"end":{"line":16,"column":23}},"loc":{"start":{"line":16,"column":64},"end":{"line":25,"column":9}},"line":16}},"branchMap":{"0":{"loc":{"start":{"line":5,"column":9},"end":{"line":5,"column":40}},"type":"binary-expr","locations":[{"start":{"line":5,"column":9},"end":{"line":5,"column":30}},{"start":{"line":5,"column":34},"end":{"line":5,"column":40}}],"line":5},"1":{"loc":{"start":{"line":19,"column":27},"end":{"line":19,"column":66}},"type":"cond-expr","locations":[{"start":{"line":19,"column":37},"end":{"line":19,"column":61}},{"start":{"line":19,"column":64},"end":{"line":19,"column":66}}],"line":19},"2":{"loc":{"start":{"line":21,"column":10},"end":{"line":23,"column":11}},"type":"if","locations":[{"start":{"line":21,"column":10},"end":{"line":23,"column":11}},{"start":{},"end":{}}],"line":21}},"s":{"0":11,"1":11,"2":11,"3":71,"4":71,"5":71,"6":71,"7":2,"8":69,"9":11},"f":{"0":71},"b":{"0":[11,7],"1":[63,8],"2":[2,69]},"_coverageSchema":"1a1c01bbd47fc00a2c39e90264f33305004495a9","hash":"4de501ebdc17b6f1e00d35b838f6f9272bd7f380"}
,"/Users/mindtech/Desktop/crm-app/mini-crm/src/models/customer.js": {"path":"/Users/mindtech/Desktop/crm-app/mini-crm/src/models/customer.js","statementMap":{"0":{"start":{"line":1,"column":18},"end":{"line":1,"column":38}},"1":{"start":{"line":3,"column":0},"end":{"line":53,"column":2}},"2":{"start":{"line":6,"column":6},"end":{"line":9,"column":9}},"3":{"start":{"line":13,"column":2},"end":{"line":50,"column":4}},"4":{"start":{"line":52,"column":2},"end":{"line":52,"column":18}}},"fnMap":{"0":{"name":"(anonymous_0)","decl":{"start":{"line":3,"column":17},"end":{"line":3,"column":18}},"loc":{"start":{"line":3,"column":43},"end":{"line":53,"column":1}},"line":3},"1":{"name":"(anonymous_1)","decl":{"start":{"line":5,"column":4},"end":{"line":5,"column":5}},"loc":{"start":{"line":5,"column":29},"end":{"line":10,"column":5}},"line":5}},"branchMap":{},"s":{"0":12,"1":12,"2":12,"3":12,"4":12},"f":{"0":12,"1":12},"b":{},"_coverageSchema":"1a1c01bbd47fc00a2c39e90264f33305004495a9","hash":"c810e5de84e9c642457ff5e1f6b82bf8ce34c10f"}
,"/Users/mindtech/Desktop/crm-app/mini-crm/src/models/etlImport.js": {"path":"/Users/mindtech/Desktop/crm-app/mini-crm/src/models/etlImport.js","statementMap":{"0":{"start":{"line":1,"column":18},"end":{"line":1,"column":38}},"1":{"start":{"line":3,"column":0},"end":{"line":45,"column":2}},"2":{"start":{"line":10,"column":4},"end":{"line":42,"column":6}},"3":{"start":{"line":44,"column":4},"end":{"line":44,"column":21}}},"fnMap":{"0":{"name":"(anonymous_0)","decl":{"start":{"line":3,"column":17},"end":{"line":3,"column":18}},"loc":{"start":{"line":3,"column":43},"end":{"line":45,"column":1}},"line":3},"1":{"name":"(anonymous_1)","decl":{"start":{"line":5,"column":8},"end":{"line":5,"column":9}},"loc":{"start":{"line":5,"column":33},"end":{"line":7,"column":9}},"line":5}},"branchMap":{},"s":{"0":12,"1":12,"2":12,"3":12},"f":{"0":12,"1":12},"b":{},"_coverageSchema":"1a1c01bbd47fc00a2c39e90264f33305004495a9","hash":"2ebd3749f3a694ed534648a04117f4622b0f8c54"}
,"/Users/mindtech/Desktop/crm-app/mini-crm/src/models/index.js": {"path":"/Users/mindtech/Desktop/crm-app/mini-crm/src/models/index.js","statementMap":{"0":{"start":{"line":2,"column":11},"end":{"line":2,"column":24}},"1":{"start":{"line":3,"column":13},"end":{"line":3,"column":28}},"2":{"start":{"line":4,"column":18},"end":{"line":4,"column":38}},"3":{"start":{"line":5,"column":16},"end":{"line":5,"column":34}},"4":{"start":{"line":6,"column":15},"end":{"line":6,"column":35}},"5":{"start":{"line":8,"column":11},"end":{"line":8,"column":13}},"6":{"start":{"line":11,"column":0},"end":{"line":15,"column":1}},"7":{"start":{"line":12,"column":2},"end":{"line":12,"column":77}},"8":{"start":{"line":14,"column":2},"end":{"line":14,"column":99}},"9":{"start":{"line":17,"column":15},"end":{"line":25,"column":1}},"10":{"start":{"line":27,"column":0},"end":{"line":29,"column":3}},"11":{"start":{"line":28,"column":2},"end":{"line":28,"column":25}},"12":{"start":{"line":31,"column":0},"end":{"line":35,"column":3}},"13":{"start":{"line":32,"column":2},"end":{"line":34,"column":3}},"14":{"start":{"line":33,"column":4},"end":{"line":33,"column":32}},"15":{"start":{"line":37,"column":0},"end":{"line":37,"column":25}},"16":{"start":{"line":38,"column":0},"end":{"line":38,"column":25}},"17":{"start":{"line":40,"column":0},"end":{"line":40,"column":20}}},"fnMap":{"0":{"name":"(anonymous_0)","decl":{"start":{"line":27,"column":15},"end":{"line":27,"column":16}},"loc":{"start":{"line":27,"column":24},"end":{"line":29,"column":1}},"line":27},"1":{"name":"(anonymous_1)","decl":{"start":{"line":31,"column":24},"end":{"line":31,"column":25}},"loc":{"start":{"line":31,"column":37},"end":{"line":35,"column":1}},"line":31}},"branchMap":{"0":{"loc":{"start":{"line":11,"column":0},"end":{"line":15,"column":1}},"type":"if","locations":[{"start":{"line":11,"column":0},"end":{"line":15,"column":1}},{"start":{"line":13,"column":7},"end":{"line":15,"column":1}}],"line":11},"1":{"loc":{"start":{"line":32,"column":2},"end":{"line":34,"column":3}},"type":"if","locations":[{"start":{"line":32,"column":2},"end":{"line":34,"column":3}},{"start":{},"end":{}}],"line":32}},"s":{"0":12,"1":12,"2":12,"3":12,"4":12,"5":12,"6":12,"7":0,"8":12,"9":12,"10":12,"11":84,"12":12,"13":60,"14":60,"15":12,"16":12,"17":12},"f":{"0":84,"1":60},"b":{"0":[0,12],"1":[60,0]},"_coverageSchema":"1a1c01bbd47fc00a2c39e90264f33305004495a9","hash":"9d165848613ec8b9990f25a94f30d9d3b3ef62f7"}
,"/Users/mindtech/Desktop/crm-app/mini-crm/src/models/order.js": {"path":"/Users/mindtech/Desktop/crm-app/mini-crm/src/models/order.js","statementMap":{"0":{"start":{"line":1,"column":18},"end":{"line":1,"column":38}},"1":{"start":{"line":3,"column":0},"end":{"line":50,"column":2}},"2":{"start":{"line":6,"column":6},"end":{"line":9,"column":9}},"3":{"start":{"line":10,"column":6},"end":{"line":13,"column":9}},"4":{"start":{"line":17,"column":2},"end":{"line":47,"column":4}},"5":{"start":{"line":49,"column":2},"end":{"line":49,"column":15}}},"fnMap":{"0":{"name":"(anonymous_0)","decl":{"start":{"line":3,"column":17},"end":{"line":3,"column":18}},"loc":{"start":{"line":3,"column":43},"end":{"line":50,"column":1}},"line":3},"1":{"name":"(anonymous_1)","decl":{"start":{"line":5,"column":4},"end":{"line":5,"column":5}},"loc":{"start":{"line":5,"column":29},"end":{"line":14,"column":5}},"line":5}},"branchMap":{},"s":{"0":12,"1":12,"2":12,"3":12,"4":24,"5":24},"f":{"0":24,"1":12},"b":{},"_coverageSchema":"1a1c01bbd47fc00a2c39e90264f33305004495a9","hash":"c1a9f64d35d5bdfe6c573ec540bcf4c814da1f82"}
,"/Users/mindtech/Desktop/crm-app/mini-crm/src/models/orderItem.js": {"path":"/Users/mindtech/Desktop/crm-app/mini-crm/src/models/orderItem.js","statementMap":{"0":{"start":{"line":1,"column":18},"end":{"line":1,"column":38}},"1":{"start":{"line":3,"column":0},"end":{"line":49,"column":2}},"2":{"start":{"line":6,"column":12},"end":{"line":9,"column":15}},"3":{"start":{"line":10,"column":12},"end":{"line":13,"column":15}},"4":{"start":{"line":17,"column":4},"end":{"line":46,"column":6}},"5":{"start":{"line":48,"column":4},"end":{"line":48,"column":21}}},"fnMap":{"0":{"name":"(anonymous_0)","decl":{"start":{"line":3,"column":17},"end":{"line":3,"column":18}},"loc":{"start":{"line":3,"column":43},"end":{"line":49,"column":1}},"line":3},"1":{"name":"(anonymous_1)","decl":{"start":{"line":5,"column":8},"end":{"line":5,"column":9}},"loc":{"start":{"line":5,"column":33},"end":{"line":14,"column":9}},"line":5}},"branchMap":{},"s":{"0":12,"1":12,"2":12,"3":12,"4":12,"5":12},"f":{"0":12,"1":12},"b":{},"_coverageSchema":"1a1c01bbd47fc00a2c39e90264f33305004495a9","hash":"b6f99101033cc4f6b14adb2e4e4700f8cc242b89"}
,"/Users/mindtech/Desktop/crm-app/mini-crm/src/models/product.js": {"path":"/Users/mindtech/Desktop/crm-app/mini-crm/src/models/product.js","statementMap":{"0":{"start":{"line":1,"column":18},"end":{"line":1,"column":38}},"1":{"start":{"line":3,"column":0},"end":{"line":50,"column":2}},"2":{"start":{"line":6,"column":12},"end":{"line":9,"column":15}},"3":{"start":{"line":13,"column":4},"end":{"line":47,"column":6}},"4":{"start":{"line":49,"column":4},"end":{"line":49,"column":19}}},"fnMap":{"0":{"name":"(anonymous_0)","decl":{"start":{"line":3,"column":17},"end":{"line":3,"column":18}},"loc":{"start":{"line":3,"column":43},"end":{"line":50,"column":1}},"line":3},"1":{"name":"(anonymous_1)","decl":{"start":{"line":5,"column":8},"end":{"line":5,"column":9}},"loc":{"start":{"line":5,"column":33},"end":{"line":10,"column":9}},"line":5}},"branchMap":{},"s":{"0":12,"1":12,"2":12,"3":24,"4":24},"f":{"0":24,"1":12},"b":{},"_coverageSchema":"1a1c01bbd47fc00a2c39e90264f33305004495a9","hash":"1ce8037ba93a5731ac3a907f871e3e3b53121c89"}
,"/Users/mindtech/Desktop/crm-app/mini-crm/src/routes/customers.js": {"path":"/Users/mindtech/Desktop/crm-app/mini-crm/src/routes/customers.js","statementMap":{"0":{"start":{"line":1,"column":16},"end":{"line":1,"column":34}},"1":{"start":{"line":3,"column":15},"end":{"line":3,"column":31}},"2":{"start":{"line":4,"column":27},"end":{"line":4,"column":71}},"3":{"start":{"line":6,"column":0},"end":{"line":6,"column":44}},"4":{"start":{"line":7,"column":0},"end":{"line":7,"column":43}},"5":{"start":{"line":8,"column":0},"end":{"line":8,"column":47}},"6":{"start":{"line":9,"column":0},"end":{"line":9,"column":46}},"7":{"start":{"line":11,"column":0},"end":{"line":11,"column":24}}},"fnMap":{},"branchMap":{},"s":{"0":5,"1":5,"2":5,"3":5,"4":5,"5":5,"6":5,"7":5},"f":{},"b":{},"_coverageSchema":"1a1c01bbd47fc00a2c39e90264f33305004495a9","hash":"38d3b6170cc1e5eeb45afe9a3921160cca28fd2c"}
,"/Users/mindtech/Desktop/crm-app/mini-crm/src/routes/etl.js": {"path":"/Users/mindtech/Desktop/crm-app/mini-crm/src/routes/etl.js","statementMap":{"0":{"start":{"line":1,"column":16},"end":{"line":1,"column":34}},"1":{"start":{"line":3,"column":15},"end":{"line":3,"column":31}},"2":{"start":{"line":4,"column":15},"end":{"line":4,"column":32}},"3":{"start":{"line":5,"column":13},"end":{"line":5,"column":28}},"4":{"start":{"line":6,"column":22},"end":{"line":6,"column":61}},"5":{"start":{"line":9,"column":16},"end":{"line":9,"column":38}},"6":{"start":{"line":11,"column":15},"end":{"line":11,"column":34}},"7":{"start":{"line":13,"column":0},"end":{"line":13,"column":77}},"8":{"start":{"line":15,"column":0},"end":{"line":15,"column":24}}},"fnMap":{},"branchMap":{},"s":{"0":5,"1":5,"2":5,"3":5,"4":5,"5":5,"6":5,"7":5,"8":5},"f":{},"b":{},"_coverageSchema":"1a1c01bbd47fc00a2c39e90264f33305004495a9","hash":"d80c34e8a2479044394daa83d79bb6bb9ecc00b8"}
,"/Users/mindtech/Desktop/crm-app/mini-crm/src/routes/orders.js": {"path":"/Users/mindtech/Desktop/crm-app/mini-crm/src/routes/orders.js","statementMap":{"0":{"start":{"line":1,"column":16},"end":{"line":1,"column":34}},"1":{"start":{"line":3,"column":15},"end":{"line":3,"column":31}},"2":{"start":{"line":4,"column":24},"end":{"line":4,"column":65}},"3":{"start":{"line":6,"column":0},"end":{"line":6,"column":41}},"4":{"start":{"line":7,"column":0},"end":{"line":7,"column":44}},"5":{"start":{"line":8,"column":0},"end":{"line":8,"column":58}},"6":{"start":{"line":10,"column":0},"end":{"line":10,"column":24}}},"fnMap":{},"branchMap":{},"s":{"0":5,"1":5,"2":5,"3":5,"4":5,"5":5,"6":5},"f":{},"b":{},"_coverageSchema":"1a1c01bbd47fc00a2c39e90264f33305004495a9","hash":"9a6487a0157bea164a4f255628393fe5166bc455"}
,"/Users/mindtech/Desktop/crm-app/mini-crm/src/routes/products.js": {"path":"/Users/mindtech/Desktop/crm-app/mini-crm/src/routes/products.js","statementMap":{"0":{"start":{"line":1,"column":16},"end":{"line":1,"column":34}},"1":{"start":{"line":3,"column":15},"end":{"line":3,"column":31}},"2":{"start":{"line":4,"column":26},"end":{"line":4,"column":69}},"3":{"start":{"line":6,"column":0},"end":{"line":6,"column":43}},"4":{"start":{"line":7,"column":0},"end":{"line":7,"column":42}},"5":{"start":{"line":8,"column":0},"end":{"line":8,"column":56}},"6":{"start":{"line":10,"column":0},"end":{"line":10,"column":24}}},"fnMap":{},"branchMap":{},"s":{"0":5,"1":5,"2":5,"3":5,"4":5,"5":5,"6":5},"f":{},"b":{},"_coverageSchema":"1a1c01bbd47fc00a2c39e90264f33305004495a9","hash":"ad7d2c71a24eb5dca55b2fd81c83715fd39c36c6"}
,"/Users/mindtech/Desktop/crm-app/mini-crm/src/services/baseService.js": {"path":"/Users/mindtech/Desktop/crm-app/mini-crm/src/services/baseService.js","statementMap":{"0":{"start":{"line":3,"column":8},"end":{"line":3,"column":27}},"1":{"start":{"line":7,"column":8},"end":{"line":7,"column":45}},"2":{"start":{"line":11,"column":8},"end":{"line":11,"column":39}},"3":{"start":{"line":15,"column":8},"end":{"line":15,"column":48}},"4":{"start":{"line":19,"column":21},"end":{"line":19,"column":44}},"5":{"start":{"line":20,"column":8},"end":{"line":20,"column":31}},"6":{"start":{"line":20,"column":19},"end":{"line":20,"column":31}},"7":{"start":{"line":21,"column":8},"end":{"line":21,"column":33}},"8":{"start":{"line":25,"column":21},"end":{"line":25,"column":44}},"9":{"start":{"line":26,"column":8},"end":{"line":26,"column":32}},"10":{"start":{"line":26,"column":19},"end":{"line":26,"column":32}},"11":{"start":{"line":27,"column":8},"end":{"line":27,"column":29}},"12":{"start":{"line":28,"column":8},"end":{"line":28,"column":20}},"13":{"start":{"line":32,"column":0},"end":{"line":32,"column":29}}},"fnMap":{"0":{"name":"(anonymous_0)","decl":{"start":{"line":2,"column":4},"end":{"line":2,"column":5}},"loc":{"start":{"line":2,"column":23},"end":{"line":4,"column":5}},"line":2},"1":{"name":"(anonymous_1)","decl":{"start":{"line":6,"column":4},"end":{"line":6,"column":5}},"loc":{"start":{"line":6,"column":30},"end":{"line":8,"column":5}},"line":6},"2":{"name":"(anonymous_2)","decl":{"start":{"line":10,"column":4},"end":{"line":10,"column":5}},"loc":{"start":{"line":10,"column":23},"end":{"line":12,"column":5}},"line":10},"3":{"name":"(anonymous_3)","decl":{"start":{"line":14,"column":4},"end":{"line":14,"column":5}},"loc":{"start":{"line":14,"column":37},"end":{"line":16,"column":5}},"line":14},"4":{"name":"(anonymous_4)","decl":{"start":{"line":18,"column":4},"end":{"line":18,"column":5}},"loc":{"start":{"line":18,"column":27},"end":{"line":22,"column":5}},"line":18},"5":{"name":"(anonymous_5)","decl":{"start":{"line":24,"column":4},"end":{"line":24,"column":5}},"loc":{"start":{"line":24,"column":21},"end":{"line":29,"column":5}},"line":24}},"branchMap":{"0":{"loc":{"start":{"line":6,"column":18},"end":{"line":6,"column":28}},"type":"default-arg","locations":[{"start":{"line":6,"column":26},"end":{"line":6,"column":28}}],"line":6},"1":{"loc":{"start":{"line":14,"column":23},"end":{"line":14,"column":35}},"type":"default-arg","locations":[{"start":{"line":14,"column":33},"end":{"line":14,"column":35}}],"line":14},"2":{"loc":{"start":{"line":20,"column":8},"end":{"line":20,"column":31}},"type":"if","locations":[{"start":{"line":20,"column":8},"end":{"line":20,"column":31}},{"start":{},"end":{}}],"line":20},"3":{"loc":{"start":{"line":26,"column":8},"end":{"line":26,"column":32}},"type":"if","locations":[{"start":{"line":26,"column":8},"end":{"line":26,"column":32}},{"start":{},"end":{}}],"line":26}},"s":{"0":29,"1":2,"2":11,"3":2,"4":2,"5":2,"6":1,"7":1,"8":2,"9":2,"10":1,"11":1,"12":1,"13":15},"f":{"0":29,"1":2,"2":11,"3":2,"4":2,"5":2},"b":{"0":[1],"1":[1],"2":[1,1],"3":[1,1]},"_coverageSchema":"1a1c01bbd47fc00a2c39e90264f33305004495a9","hash":"f667df8919f1c62dd8dbe0b670b4754ef79f7129"}
,"/Users/mindtech/Desktop/crm-app/mini-crm/src/services/customerService.js": {"path":"/Users/mindtech/Desktop/crm-app/mini-crm/src/services/customerService.js","statementMap":{"0":{"start":{"line":1,"column":32},"end":{"line":1,"column":52}},"1":{"start":{"line":2,"column":20},"end":{"line":2,"column":44}},"2":{"start":{"line":6,"column":4},"end":{"line":6,"column":20}},"3":{"start":{"line":10,"column":19},"end":{"line":10,"column":28}},"4":{"start":{"line":11,"column":18},"end":{"line":11,"column":20}},"5":{"start":{"line":12,"column":23},"end":{"line":12,"column":25}},"6":{"start":{"line":14,"column":4},"end":{"line":14,"column":42}},"7":{"start":{"line":14,"column":15},"end":{"line":14,"column":42}},"8":{"start":{"line":15,"column":4},"end":{"line":15,"column":42}},"9":{"start":{"line":15,"column":15},"end":{"line":15,"column":42}},"10":{"start":{"line":17,"column":4},"end":{"line":17,"column":45}},"11":{"start":{"line":17,"column":33},"end":{"line":17,"column":45}},"12":{"start":{"line":19,"column":4},"end":{"line":19,"column":30}},"13":{"start":{"line":20,"column":4},"end":{"line":20,"column":41}},"14":{"start":{"line":24,"column":19},"end":{"line":24,"column":28}},"15":{"start":{"line":25,"column":23},"end":{"line":25,"column":28}},"16":{"start":{"line":26,"column":18},"end":{"line":26,"column":20}},"17":{"start":{"line":28,"column":4},"end":{"line":38,"column":5}},"18":{"start":{"line":29,"column":6},"end":{"line":37,"column":8}},"19":{"start":{"line":40,"column":4},"end":{"line":40,"column":41}},"20":{"start":{"line":44,"column":21},"end":{"line":44,"column":74}},"21":{"start":{"line":46,"column":4},"end":{"line":48,"column":5}},"22":{"start":{"line":47,"column":6},"end":{"line":47,"column":35}},"23":{"start":{"line":50,"column":4},"end":{"line":50,"column":29}},"24":{"start":{"line":54,"column":0},"end":{"line":54,"column":39}}},"fnMap":{"0":{"name":"(anonymous_0)","decl":{"start":{"line":5,"column":2},"end":{"line":5,"column":3}},"loc":{"start":{"line":5,"column":16},"end":{"line":7,"column":3}},"line":5},"1":{"name":"(anonymous_1)","decl":{"start":{"line":9,"column":2},"end":{"line":9,"column":3}},"loc":{"start":{"line":9,"column":41},"end":{"line":21,"column":3}},"line":9},"2":{"name":"(anonymous_2)","decl":{"start":{"line":23,"column":2},"end":{"line":23,"column":3}},"loc":{"start":{"line":23,"column":23},"end":{"line":41,"column":3}},"line":23},"3":{"name":"(anonymous_3)","decl":{"start":{"line":43,"column":2},"end":{"line":43,"column":3}},"loc":{"start":{"line":43,"column":29},"end":{"line":51,"column":3}},"line":43}},"branchMap":{"0":{"loc":{"start":{"line":14,"column":4},"end":{"line":14,"column":42}},"type":"if","locations":[{"start":{"line":14,"column":4},"end":{"line":14,"column":42}},{"start":{},"end":{}}],"line":14},"1":{"loc":{"start":{"line":15,"column":4},"end":{"line":15,"column":42}},"type":"if","locations":[{"start":{"line":15,"column":4},"end":{"line":15,"column":42}},{"start":{},"end":{}}],"line":15},"2":{"loc":{"start":{"line":17,"column":4},"end":{"line":17,"column":45}},"type":"if","locations":[{"start":{"line":17,"column":4},"end":{"line":17,"column":45}},{"start":{},"end":{}}],"line":17},"3":{"loc":{"start":{"line":28,"column":4},"end":{"line":38,"column":5}},"type":"if","locations":[{"start":{"line":28,"column":4},"end":{"line":38,"column":5}},{"start":{},"end":{}}],"line":28},"4":{"loc":{"start":{"line":46,"column":4},"end":{"line":48,"column":5}},"type":"if","locations":[{"start":{"line":46,"column":4},"end":{"line":48,"column":5}},{"start":{},"end":{}}],"line":46}},"s":{"0":7,"1":7,"2":7,"3":1,"4":1,"5":1,"6":1,"7":1,"8":1,"9":0,"10":1,"11":0,"12":1,"13":1,"14":2,"15":2,"16":2,"17":2,"18":0,"19":2,"20":1,"21":1,"22":0,"23":1,"24":7},"f":{"0":7,"1":1,"2":2,"3":1},"b":{"0":[1,0],"1":[0,1],"2":[0,1],"3":[0,2],"4":[0,1]},"_coverageSchema":"1a1c01bbd47fc00a2c39e90264f33305004495a9","hash":"59712717eac15b4fe194e5529e04a9f7bd3d3f94"}
,"/Users/mindtech/Desktop/crm-app/mini-crm/src/services/etlService.js": {"path":"/Users/mindtech/Desktop/crm-app/mini-crm/src/services/etlService.js","statementMap":{"0":{"start":{"line":1,"column":11},"end":{"line":1,"column":24}},"1":{"start":{"line":2,"column":13},"end":{"line":2,"column":28}},"2":{"start":{"line":3,"column":18},"end":{"line":3,"column":43}},"3":{"start":{"line":4,"column":22},"end":{"line":4,"column":42}},"4":{"start":{"line":5,"column":24},"end":{"line":5,"column":52}},"5":{"start":{"line":6,"column":15},"end":{"line":6,"column":39}},"6":{"start":{"line":8,"column":12},"end":{"line":8,"column":48}},"7":{"start":{"line":8,"column":21},"end":{"line":8,"column":48}},"8":{"start":{"line":9,"column":17},"end":{"line":9,"column":60}},"9":{"start":{"line":9,"column":26},"end":{"line":9,"column":60}},"10":{"start":{"line":12,"column":4},"end":{"line":12,"column":28}},"11":{"start":{"line":12,"column":16},"end":{"line":12,"column":28}},"12":{"start":{"line":13,"column":20},"end":{"line":13,"column":44}},"13":{"start":{"line":15,"column":4},"end":{"line":17,"column":5}},"14":{"start":{"line":16,"column":8},"end":{"line":16,"column":31}},"15":{"start":{"line":17,"column":6},"end":{"line":19,"column":5}},"16":{"start":{"line":18,"column":8},"end":{"line":18,"column":44}},"17":{"start":{"line":19,"column":6},"end":{"line":21,"column":5}},"18":{"start":{"line":20,"column":8},"end":{"line":20,"column":29}},"19":{"start":{"line":23,"column":4},"end":{"line":23,"column":16}},"20":{"start":{"line":27,"column":4},"end":{"line":27,"column":26}},"21":{"start":{"line":27,"column":14},"end":{"line":27,"column":26}},"22":{"start":{"line":28,"column":4},"end":{"line":28,"column":22}},"23":{"start":{"line":33,"column":8},"end":{"line":33,"column":65}},"24":{"start":{"line":36,"column":24},"end":{"line":36,"column":28}},"25":{"start":{"line":38,"column":8},"end":{"line":60,"column":9}},"26":{"start":{"line":40,"column":12},"end":{"line":51,"column":13}},"27":{"start":{"line":41,"column":16},"end":{"line":45,"column":19}},"28":{"start":{"line":46,"column":16},"end":{"line":46,"column":61}},"29":{"start":{"line":47,"column":16},"end":{"line":47,"column":54}},"30":{"start":{"line":49,"column":16},"end":{"line":49,"column":72}},"31":{"start":{"line":50,"column":16},"end":{"line":50,"column":56}},"32":{"start":{"line":54,"column":28},"end":{"line":54,"column":76}},"33":{"start":{"line":55,"column":12},"end":{"line":59,"column":13}},"34":{"start":{"line":56,"column":16},"end":{"line":56,"column":59}},"35":{"start":{"line":58,"column":16},"end":{"line":58,"column":58}},"36":{"start":{"line":62,"column":24},"end":{"line":66,"column":10}},"37":{"start":{"line":68,"column":8},"end":{"line":68,"column":71}},"38":{"start":{"line":70,"column":27},"end":{"line":70,"column":28}},"39":{"start":{"line":71,"column":25},"end":{"line":71,"column":26}},"40":{"start":{"line":73,"column":8},"end":{"line":118,"column":9}},"41":{"start":{"line":74,"column":12},"end":{"line":117,"column":13}},"42":{"start":{"line":75,"column":32},"end":{"line":75,"column":60}},"43":{"start":{"line":76,"column":33},"end":{"line":76,"column":44}},"44":{"start":{"line":77,"column":33},"end":{"line":77,"column":55}},"45":{"start":{"line":78,"column":32},"end":{"line":78,"column":54}},"46":{"start":{"line":79,"column":30},"end":{"line":79,"column":50}},"47":{"start":{"line":81,"column":32},"end":{"line":81,"column":39}},"48":{"start":{"line":82,"column":31},"end":{"line":82,"column":35}},"49":{"start":{"line":84,"column":16},"end":{"line":88,"column":17}},"50":{"start":{"line":85,"column":34},"end":{"line":85,"column":52}},"51":{"start":{"line":86,"column":20},"end":{"line":86,"column":43}},"52":{"start":{"line":87,"column":20},"end":{"line":87,"column":48}},"53":{"start":{"line":90,"column":16},"end":{"line":92,"column":17}},"54":{"start":{"line":91,"column":20},"end":{"line":91,"column":53}},"55":{"start":{"line":94,"column":30},"end":{"line":94,"column":60}},"56":{"start":{"line":96,"column":16},"end":{"line":100,"column":17}},"57":{"start":{"line":97,"column":20},"end":{"line":97,"column":85}},"58":{"start":{"line":98,"column":20},"end":{"line":98,"column":33}},"59":{"start":{"line":99,"column":20},"end":{"line":99,"column":29}},"60":{"start":{"line":102,"column":32},"end":{"line":109,"column":17}},"61":{"start":{"line":111,"column":16},"end":{"line":111,"column":62}},"62":{"start":{"line":112,"column":16},"end":{"line":112,"column":31}},"63":{"start":{"line":115,"column":16},"end":{"line":115,"column":97}},"64":{"start":{"line":116,"column":16},"end":{"line":116,"column":29}},"65":{"start":{"line":121,"column":8},"end":{"line":127,"column":9}},"66":{"start":{"line":122,"column":12},"end":{"line":126,"column":15}},"67":{"start":{"line":129,"column":8},"end":{"line":129,"column":110}},"68":{"start":{"line":133,"column":0},"end":{"line":133,"column":34}}},"fnMap":{"0":{"name":"(anonymous_0)","decl":{"start":{"line":8,"column":12},"end":{"line":8,"column":13}},"loc":{"start":{"line":8,"column":21},"end":{"line":8,"column":48}},"line":8},"1":{"name":"(anonymous_1)","decl":{"start":{"line":9,"column":17},"end":{"line":9,"column":18}},"loc":{"start":{"line":9,"column":26},"end":{"line":9,"column":60}},"line":9},"2":{"name":"normalizePhone","decl":{"start":{"line":11,"column":15},"end":{"line":11,"column":29}},"loc":{"start":{"line":11,"column":37},"end":{"line":24,"column":1}},"line":11},"3":{"name":"cleanString","decl":{"start":{"line":26,"column":9},"end":{"line":26,"column":20}},"loc":{"start":{"line":26,"column":26},"end":{"line":29,"column":1}},"line":26},"4":{"name":"(anonymous_4)","decl":{"start":{"line":32,"column":4},"end":{"line":32,"column":5}},"loc":{"start":{"line":32,"column":42},"end":{"line":130,"column":5}},"line":32}},"branchMap":{"0":{"loc":{"start":{"line":12,"column":4},"end":{"line":12,"column":28}},"type":"if","locations":[{"start":{"line":12,"column":4},"end":{"line":12,"column":28}},{"start":{},"end":{}}],"line":12},"1":{"loc":{"start":{"line":15,"column":4},"end":{"line":17,"column":5}},"type":"if","locations":[{"start":{"line":15,"column":4},"end":{"line":17,"column":5}},{"start":{},"end":{}}],"line":15},"2":{"loc":{"start":{"line":17,"column":6},"end":{"line":19,"column":5}},"type":"if","locations":[{"start":{"line":17,"column":6},"end":{"line":19,"column":5}},{"start":{},"end":{}}],"line":17},"3":{"loc":{"start":{"line":17,"column":10},"end":{"line":17,"column":58}},"type":"binary-expr","locations":[{"start":{"line":17,"column":10},"end":{"line":17,"column":31}},{"start":{"line":17,"column":35},"end":{"line":17,"column":58}}],"line":17},"4":{"loc":{"start":{"line":19,"column":6},"end":{"line":21,"column":5}},"type":"if","locations":[{"start":{"line":19,"column":6},"end":{"line":21,"column":5}},{"start":{},"end":{}}],"line":19},"5":{"loc":{"start":{"line":19,"column":10},"end":{"line":19,"column":59}},"type":"binary-expr","locations":[{"start":{"line":19,"column":10},"end":{"line":19,"column":31}},{"start":{"line":19,"column":35},"end":{"line":19,"column":59}}],"line":19},"6":{"loc":{"start":{"line":27,"column":4},"end":{"line":27,"column":26}},"type":"if","locations":[{"start":{"line":27,"column":4},"end":{"line":27,"column":26}},{"start":{},"end":{}}],"line":27},"7":{"loc":{"start":{"line":33,"column":38},"end":{"line":33,"column":61}},"type":"binary-expr","locations":[{"start":{"line":33,"column":38},"end":{"line":33,"column":46}},{"start":{"line":33,"column":50},"end":{"line":33,"column":61}}],"line":33},"8":{"loc":{"start":{"line":38,"column":8},"end":{"line":60,"column":9}},"type":"if","locations":[{"start":{"line":38,"column":8},"end":{"line":60,"column":9}},{"start":{"line":52,"column":15},"end":{"line":60,"column":9}}],"line":38},"9":{"loc":{"start":{"line":55,"column":12},"end":{"line":59,"column":13}},"type":"if","locations":[{"start":{"line":55,"column":12},"end":{"line":59,"column":13}},{"start":{"line":57,"column":19},"end":{"line":59,"column":13}}],"line":55},"10":{"loc":{"start":{"line":84,"column":16},"end":{"line":88,"column":17}},"type":"if","locations":[{"start":{"line":84,"column":16},"end":{"line":88,"column":17}},{"start":{},"end":{}}],"line":84},"11":{"loc":{"start":{"line":84,"column":20},"end":{"line":84,"column":52}},"type":"binary-expr","locations":[{"start":{"line":84,"column":20},"end":{"line":84,"column":27}},{"start":{"line":84,"column":31},"end":{"line":84,"column":52}}],"line":84},"12":{"loc":{"start":{"line":90,"column":16},"end":{"line":92,"column":17}},"type":"if","locations":[{"start":{"line":90,"column":16},"end":{"line":92,"column":17}},{"start":{},"end":{}}],"line":90},"13":{"loc":{"start":{"line":90,"column":20},"end":{"line":90,"column":43}},"type":"binary-expr","locations":[{"start":{"line":90,"column":20},"end":{"line":90,"column":30}},{"start":{"line":90,"column":34},"end":{"line":90,"column":43}}],"line":90},"14":{"loc":{"start":{"line":96,"column":16},"end":{"line":100,"column":17}},"type":"if","locations":[{"start":{"line":96,"column":16},"end":{"line":100,"column":17}},{"start":{},"end":{}}],"line":96},"15":{"loc":{"start":{"line":96,"column":20},"end":{"line":96,"column":39}},"type":"binary-expr","locations":[{"start":{"line":96,"column":20},"end":{"line":96,"column":26}},{"start":{"line":96,"column":30},"end":{"line":96,"column":39}}],"line":96},"16":{"loc":{"start":{"line":108,"column":63},"end":{"line":108,"column":74}},"type":"binary-expr","locations":[{"start":{"line":108,"column":63},"end":{"line":108,"column":68}},{"start":{"line":108,"column":72},"end":{"line":108,"column":74}}],"line":108},"17":{"loc":{"start":{"line":121,"column":8},"end":{"line":127,"column":9}},"type":"if","locations":[{"start":{"line":121,"column":8},"end":{"line":127,"column":9}},{"start":{},"end":{}}],"line":121},"18":{"loc":{"start":{"line":129,"column":76},"end":{"line":129,"column":107}},"type":"cond-expr","locations":[{"start":{"line":129,"column":88},"end":{"line":129,"column":100}},{"start":{"line":129,"column":103},"end":{"line":129,"column":107}}],"line":129}},"s":{"0":6,"1":6,"2":6,"3":6,"4":6,"5":6,"6":6,"7":10,"8":6,"9":2,"10":3,"11":1,"12":2,"13":2,"14":0,"15":2,"16":1,"17":1,"18":1,"19":0,"20":12,"21":8,"22":4,"23":4,"24":4,"25":4,"26":4,"27":4,"28":3,"29":3,"30":1,"31":1,"32":0,"33":0,"34":0,"35":0,"36":3,"37":3,"38":3,"39":3,"40":3,"41":3,"42":3,"43":3,"44":3,"45":3,"46":3,"47":3,"48":3,"49":3,"50":2,"51":2,"52":2,"53":3,"54":0,"55":3,"56":3,"57":1,"58":1,"59":1,"60":2,"61":2,"62":2,"63":0,"64":0,"65":3,"66":3,"67":3,"68":6},"f":{"0":10,"1":2,"2":3,"3":12,"4":4},"b":{"0":[1,2],"1":[0,2],"2":[1,1],"3":[2,1],"4":[1,0],"5":[1,1],"6":[8,4],"7":[4,0],"8":[4,0],"9":[0,0],"10":[2,1],"11":[3,3],"12":[0,3],"13":[3,0],"14":[1,2],"15":[3,1],"16":[2,2],"17":[3,0],"18":[3,0]},"_coverageSchema":"1a1c01bbd47fc00a2c39e90264f33305004495a9","hash":"4aa224c75e68fe889e3adb7f23bafda74560c077"}
,"/Users/mindtech/Desktop/crm-app/mini-crm/src/services/orderService.js": {"path":"/Users/mindtech/Desktop/crm-app/mini-crm/src/services/orderService.js","statementMap":{"0":{"start":{"line":1,"column":40},"end":{"line":1,"column":60}},"1":{"start":{"line":2,"column":20},"end":{"line":2,"column":44}},"2":{"start":{"line":3,"column":23},"end":{"line":3,"column":50}},"3":{"start":{"line":7,"column":8},"end":{"line":7,"column":21}},"4":{"start":{"line":11,"column":18},"end":{"line":11,"column":47}},"5":{"start":{"line":13,"column":8},"end":{"line":55,"column":9}},"6":{"start":{"line":14,"column":29},"end":{"line":14,"column":30}},"7":{"start":{"line":15,"column":35},"end":{"line":15,"column":37}},"8":{"start":{"line":17,"column":12},"end":{"line":33,"column":13}},"9":{"start":{"line":18,"column":32},"end":{"line":18,"column":77}},"10":{"start":{"line":19,"column":16},"end":{"line":21,"column":17}},"11":{"start":{"line":20,"column":20},"end":{"line":20,"column":76}},"12":{"start":{"line":23,"column":16},"end":{"line":23,"column":85}},"13":{"start":{"line":25,"column":34},"end":{"line":25,"column":75}},"14":{"start":{"line":26,"column":16},"end":{"line":26,"column":40}},"15":{"start":{"line":28,"column":16},"end":{"line":32,"column":19}},"16":{"start":{"line":35,"column":26},"end":{"line":40,"column":34}},"17":{"start":{"line":42,"column":12},"end":{"line":47,"column":13}},"18":{"start":{"line":43,"column":16},"end":{"line":46,"column":39}},"19":{"start":{"line":49,"column":12},"end":{"line":49,"column":29}},"20":{"start":{"line":50,"column":12},"end":{"line":50,"column":43}},"21":{"start":{"line":53,"column":12},"end":{"line":53,"column":31}},"22":{"start":{"line":54,"column":12},"end":{"line":54,"column":24}},"23":{"start":{"line":59,"column":22},"end":{"line":59,"column":45}},"24":{"start":{"line":60,"column":8},"end":{"line":60,"column":55}},"25":{"start":{"line":60,"column":20},"end":{"line":60,"column":55}},"26":{"start":{"line":61,"column":8},"end":{"line":61,"column":40}},"27":{"start":{"line":65,"column":0},"end":{"line":65,"column":36}}},"fnMap":{"0":{"name":"(anonymous_0)","decl":{"start":{"line":6,"column":4},"end":{"line":6,"column":5}},"loc":{"start":{"line":6,"column":18},"end":{"line":8,"column":5}},"line":6},"1":{"name":"(anonymous_1)","decl":{"start":{"line":10,"column":4},"end":{"line":10,"column":5}},"loc":{"start":{"line":10,"column":58},"end":{"line":56,"column":5}},"line":10},"2":{"name":"(anonymous_2)","decl":{"start":{"line":58,"column":4},"end":{"line":58,"column":5}},"loc":{"start":{"line":58,"column":35},"end":{"line":62,"column":5}},"line":58}},"branchMap":{"0":{"loc":{"start":{"line":19,"column":16},"end":{"line":21,"column":17}},"type":"if","locations":[{"start":{"line":19,"column":16},"end":{"line":21,"column":17}},{"start":{},"end":{}}],"line":19},"1":{"loc":{"start":{"line":60,"column":8},"end":{"line":60,"column":55}},"type":"if","locations":[{"start":{"line":60,"column":8},"end":{"line":60,"column":55}},{"start":{},"end":{}}],"line":60}},"s":{"0":6,"1":6,"2":6,"3":6,"4":2,"5":2,"6":2,"7":2,"8":2,"9":2,"10":2,"11":0,"12":2,"13":1,"14":1,"15":1,"16":1,"17":1,"18":1,"19":1,"20":1,"21":1,"22":1,"23":0,"24":0,"25":0,"26":0,"27":6},"f":{"0":6,"1":2,"2":0},"b":{"0":[0,2],"1":[0,0]},"_coverageSchema":"1a1c01bbd47fc00a2c39e90264f33305004495a9","hash":"b0ce429de43698830a6ee13a9fc19c9343092855"}
,"/Users/mindtech/Desktop/crm-app/mini-crm/src/services/productService.js": {"path":"/Users/mindtech/Desktop/crm-app/mini-crm/src/services/productService.js","statementMap":{"0":{"start":{"line":1,"column":20},"end":{"line":1,"column":40}},"1":{"start":{"line":2,"column":20},"end":{"line":2,"column":44}},"2":{"start":{"line":6,"column":8},"end":{"line":6,"column":23}},"3":{"start":{"line":10,"column":24},"end":{"line":10,"column":47}},"4":{"start":{"line":11,"column":8},"end":{"line":11,"column":59}},"5":{"start":{"line":11,"column":22},"end":{"line":11,"column":59}},"6":{"start":{"line":13,"column":8},"end":{"line":13,"column":49}},"7":{"start":{"line":13,"column":37},"end":{"line":13,"column":49}},"8":{"start":{"line":15,"column":8},"end":{"line":15,"column":49}},"9":{"start":{"line":19,"column":24},"end":{"line":19,"column":47}},"10":{"start":{"line":20,"column":8},"end":{"line":20,"column":44}},"11":{"start":{"line":20,"column":37},"end":{"line":20,"column":44}},"12":{"start":{"line":22,"column":8},"end":{"line":24,"column":9}},"13":{"start":{"line":23,"column":12},"end":{"line":23,"column":79}},"14":{"start":{"line":26,"column":8},"end":{"line":26,"column":80}},"15":{"start":{"line":30,"column":0},"end":{"line":30,"column":38}}},"fnMap":{"0":{"name":"(anonymous_0)","decl":{"start":{"line":5,"column":4},"end":{"line":5,"column":5}},"loc":{"start":{"line":5,"column":18},"end":{"line":7,"column":5}},"line":5},"1":{"name":"(anonymous_1)","decl":{"start":{"line":9,"column":4},"end":{"line":9,"column":5}},"loc":{"start":{"line":9,"column":35},"end":{"line":16,"column":5}},"line":9},"2":{"name":"(anonymous_2)","decl":{"start":{"line":18,"column":4},"end":{"line":18,"column":5}},"loc":{"start":{"line":18,"column":51},"end":{"line":27,"column":5}},"line":18}},"branchMap":{"0":{"loc":{"start":{"line":11,"column":8},"end":{"line":11,"column":59}},"type":"if","locations":[{"start":{"line":11,"column":8},"end":{"line":11,"column":59}},{"start":{},"end":{}}],"line":11},"1":{"loc":{"start":{"line":13,"column":8},"end":{"line":13,"column":49}},"type":"if","locations":[{"start":{"line":13,"column":8},"end":{"line":13,"column":49}},{"start":{},"end":{}}],"line":13},"2":{"loc":{"start":{"line":20,"column":8},"end":{"line":20,"column":44}},"type":"if","locations":[{"start":{"line":20,"column":8},"end":{"line":20,"column":44}},{"start":{},"end":{}}],"line":20},"3":{"loc":{"start":{"line":22,"column":8},"end":{"line":24,"column":9}},"type":"if","locations":[{"start":{"line":22,"column":8},"end":{"line":24,"column":9}},{"start":{},"end":{}}],"line":22}},"s":{"0":8,"1":8,"2":8,"3":3,"4":3,"5":0,"6":3,"7":1,"8":2,"9":2,"10":2,"11":0,"12":2,"13":1,"14":1,"15":8},"f":{"0":8,"1":3,"2":2},"b":{"0":[0,3],"1":[1,2],"2":[0,2],"3":[1,1]},"_coverageSchema":"1a1c01bbd47fc00a2c39e90264f33305004495a9","hash":"02d3b863d0e5cd312c351c583f336d1a955b5c8d"}
,"/Users/mindtech/Desktop/crm-app/mini-crm/src/utils/errorHandler.js": {"path":"/Users/mindtech/Desktop/crm-app/mini-crm/src/utils/errorHandler.js","statementMap":{"0":{"start":{"line":1,"column":15},"end":{"line":1,"column":39}},"1":{"start":{"line":2,"column":22},"end":{"line":2,"column":42}},"2":{"start":{"line":3,"column":16},"end":{"line":3,"column":46}},"3":{"start":{"line":5,"column":21},"end":{"line":41,"column":1}},"4":{"start":{"line":6,"column":23},"end":{"line":6,"column":40}},"5":{"start":{"line":7,"column":20},"end":{"line":7,"column":54}},"6":{"start":{"line":10,"column":4},"end":{"line":15,"column":7}},"7":{"start":{"line":18,"column":4},"end":{"line":33,"column":5}},"8":{"start":{"line":19,"column":8},"end":{"line":29,"column":11}},"9":{"start":{"line":32,"column":8},"end":{"line":32,"column":81}},"10":{"start":{"line":35,"column":4},"end":{"line":40,"column":7}},"11":{"start":{"line":43,"column":0},"end":{"line":43,"column":30}}},"fnMap":{"0":{"name":"(anonymous_0)","decl":{"start":{"line":5,"column":21},"end":{"line":5,"column":22}},"loc":{"start":{"line":5,"column":52},"end":{"line":41,"column":1}},"line":5}},"branchMap":{"0":{"loc":{"start":{"line":6,"column":23},"end":{"line":6,"column":40}},"type":"binary-expr","locations":[{"start":{"line":6,"column":23},"end":{"line":6,"column":33}},{"start":{"line":6,"column":37},"end":{"line":6,"column":40}}],"line":6}},"s":{"0":6,"1":6,"2":6,"3":6,"4":2,"5":2,"6":2,"7":2,"8":2,"9":2,"10":2,"11":6},"f":{"0":2},"b":{"0":[2,1]},"_coverageSchema":"1a1c01bbd47fc00a2c39e90264f33305004495a9","hash":"f749b1d1ef79fed243b733dcb29c99b3f737204d"}
}
