TN:
SF:src/app.js
FN:17,(anonymous_0)
FN:25,(anonymous_1)
FN:32,(anonymous_2)
FN:44,(anonymous_3)
FN:70,(anonymous_4)
FN:81,(anonymous_5)
FNF:6
FNH:4
FNDA:31,(anonymous_0)
FNDA:31,(anonymous_1)
FNDA:31,(anonymous_2)
FNDA:31,(anonymous_3)
FNDA:0,(anonymous_4)
FNDA:0,(anonymous_5)
DA:1,5
DA:2,5
DA:3,5
DA:5,5
DA:6,5
DA:8,5
DA:10,5
DA:11,5
DA:14,5
DA:15,5
DA:17,5
DA:18,31
DA:19,31
DA:20,31
DA:23,31
DA:25,31
DA:26,31
DA:31,5
DA:32,5
DA:33,31
DA:36,31
DA:44,31
DA:45,31
DA:46,31
DA:54,31
DA:57,5
DA:58,5
DA:59,5
DA:60,5
DA:63,5
DA:64,5
DA:66,5
DA:67,5
DA:70,5
DA:71,0
DA:75,5
DA:76,5
DA:77,5
DA:78,5
DA:81,5
DA:82,0
DA:85,5
DA:87,5
LF:43
LH:41
BRDA:18,0,0,31
BRDA:18,0,1,31
BRF:2
BRH:2
end_of_record
TN:
SF:src/config/index.js
FNF:0
FNH:0
DA:1,12
DA:3,12
DA:5,12
LF:3
LH:3
BRDA:7,0,0,12
BRDA:7,0,1,0
BRDA:8,1,0,12
BRDA:8,1,1,0
BRDA:13,2,0,12
BRDA:13,2,1,0
BRDA:14,3,0,12
BRDA:14,3,1,0
BRDA:15,4,0,12
BRDA:15,4,1,0
BRDA:16,5,0,12
BRDA:16,5,1,0
BRDA:17,6,0,12
BRDA:17,6,1,0
BRDA:19,7,0,0
BRDA:19,7,1,12
BRF:16
BRH:8
end_of_record
TN:
SF:src/controllers/customerController.js
FN:4,(anonymous_0)
FN:13,(anonymous_1)
FN:22,(anonymous_2)
FN:32,(anonymous_3)
FNF:4
FNH:4
FNDA:3,(anonymous_0)
FNDA:5,(anonymous_1)
FNDA:3,(anonymous_2)
FNDA:3,(anonymous_3)
DA:1,5
DA:5,3
DA:6,3
DA:7,2
DA:9,1
DA:14,5
DA:15,5
DA:16,4
DA:18,1
DA:23,3
DA:24,3
DA:25,2
DA:26,1
DA:28,1
DA:33,3
DA:34,3
DA:35,2
DA:36,1
DA:38,1
DA:44,5
LF:20
LH:20
BRDA:25,0,0,1
BRDA:25,0,1,1
BRDA:35,1,0,1
BRDA:35,1,1,1
BRF:4
BRH:4
end_of_record
TN:
SF:src/controllers/etlController.js
FN:4,(anonymous_0)
FNF:1
FNH:1
FNDA:3,(anonymous_0)
DA:1,5
DA:5,3
DA:7,3
DA:14,1
DA:17,2
DA:19,1
DA:24,1
DA:29,5
LF:8
LH:8
BRDA:7,0,0,1
BRDA:7,0,1,2
BRF:2
BRH:2
end_of_record
TN:
SF:src/controllers/orderController.js
FN:5,(anonymous_0)
FN:23,(anonymous_1)
FN:33,(anonymous_2)
FNF:3
FNH:3
FNDA:3,(anonymous_0)
FNDA:3,(anonymous_1)
FNDA:2,(anonymous_2)
DA:1,5
DA:2,5
DA:6,3
DA:7,3
DA:9,3
DA:10,1
DA:13,2
DA:15,1
DA:17,1
DA:19,1
DA:24,3
DA:25,3
DA:26,2
DA:27,1
DA:29,1
DA:34,2
DA:35,2
DA:36,2
DA:37,1
DA:39,1
DA:44,5
LF:21
LH:21
BRDA:9,0,0,1
BRDA:9,0,1,2
BRDA:26,1,0,1
BRDA:26,1,1,1
BRF:4
BRH:4
end_of_record
TN:
SF:src/controllers/productController.js
FN:4,(anonymous_0)
FN:13,(anonymous_1)
FN:22,(anonymous_2)
FNF:3
FNH:3
FNDA:2,(anonymous_0)
FNDA:2,(anonymous_1)
FNDA:2,(anonymous_2)
DA:1,5
DA:5,2
DA:6,2
DA:7,1
DA:9,1
DA:14,2
DA:15,2
DA:16,1
DA:18,1
DA:23,2
DA:24,2
DA:25,2
DA:27,2
DA:28,1
DA:30,1
DA:35,5
LF:16
LH:16
BRF:0
BRH:0
end_of_record
TN:
SF:src/lib/asyncContext.js
FNF:0
FNH:0
DA:1,7
DA:3,7
DA:5,7
LF:3
LH:3
BRF:0
BRH:0
end_of_record
TN:
SF:src/lib/logger.js
FN:16,(anonymous_0)
FNF:1
FNH:1
FNDA:71,(anonymous_0)
DA:1,11
DA:2,11
DA:4,11
DA:17,71
DA:18,71
DA:19,71
DA:21,71
DA:22,2
DA:24,69
DA:38,11
LF:10
LH:10
BRDA:5,0,0,11
BRDA:5,0,1,7
BRDA:19,1,0,63
BRDA:19,1,1,8
BRDA:21,2,0,2
BRDA:21,2,1,69
BRF:6
BRH:6
end_of_record
TN:
SF:src/models/customer.js
FN:3,(anonymous_0)
FN:5,(anonymous_1)
FNF:2
FNH:2
FNDA:12,(anonymous_0)
FNDA:12,(anonymous_1)
DA:1,12
DA:3,12
DA:6,12
DA:13,12
DA:52,12
LF:5
LH:5
BRF:0
BRH:0
end_of_record
TN:
SF:src/models/etlImport.js
FN:3,(anonymous_0)
FN:5,(anonymous_1)
FNF:2
FNH:2
FNDA:12,(anonymous_0)
FNDA:12,(anonymous_1)
DA:1,12
DA:3,12
DA:10,12
DA:44,12
LF:4
LH:4
BRF:0
BRH:0
end_of_record
TN:
SF:src/models/index.js
FN:27,(anonymous_0)
FN:31,(anonymous_1)
FNF:2
FNH:2
FNDA:84,(anonymous_0)
FNDA:60,(anonymous_1)
DA:2,12
DA:3,12
DA:4,12
DA:5,12
DA:6,12
DA:8,12
DA:11,12
DA:12,0
DA:14,12
DA:17,12
DA:27,12
DA:28,84
DA:31,12
DA:32,60
DA:33,60
DA:37,12
DA:38,12
DA:40,12
LF:18
LH:17
BRDA:11,0,0,0
BRDA:11,0,1,12
BRDA:32,1,0,60
BRDA:32,1,1,0
BRF:4
BRH:2
end_of_record
TN:
SF:src/models/order.js
FN:3,(anonymous_0)
FN:5,(anonymous_1)
FNF:2
FNH:2
FNDA:24,(anonymous_0)
FNDA:12,(anonymous_1)
DA:1,12
DA:3,12
DA:6,12
DA:10,12
DA:17,24
DA:49,24
LF:6
LH:6
BRF:0
BRH:0
end_of_record
TN:
SF:src/models/orderItem.js
FN:3,(anonymous_0)
FN:5,(anonymous_1)
FNF:2
FNH:2
FNDA:12,(anonymous_0)
FNDA:12,(anonymous_1)
DA:1,12
DA:3,12
DA:6,12
DA:10,12
DA:17,12
DA:48,12
LF:6
LH:6
BRF:0
BRH:0
end_of_record
TN:
SF:src/models/product.js
FN:3,(anonymous_0)
FN:5,(anonymous_1)
FNF:2
FNH:2
FNDA:24,(anonymous_0)
FNDA:12,(anonymous_1)
DA:1,12
DA:3,12
DA:6,12
DA:13,24
DA:49,24
LF:5
LH:5
BRF:0
BRH:0
end_of_record
TN:
SF:src/routes/customers.js
FNF:0
FNH:0
DA:1,5
DA:3,5
DA:4,5
DA:6,5
DA:7,5
DA:8,5
DA:9,5
DA:11,5
LF:8
LH:8
BRF:0
BRH:0
end_of_record
TN:
SF:src/routes/etl.js
FNF:0
FNH:0
DA:1,5
DA:3,5
DA:4,5
DA:5,5
DA:6,5
DA:9,5
DA:11,5
DA:13,5
DA:15,5
LF:9
LH:9
BRF:0
BRH:0
end_of_record
TN:
SF:src/routes/orders.js
FNF:0
FNH:0
DA:1,5
DA:3,5
DA:4,5
DA:6,5
DA:7,5
DA:8,5
DA:10,5
LF:7
LH:7
BRF:0
BRH:0
end_of_record
TN:
SF:src/routes/products.js
FNF:0
FNH:0
DA:1,5
DA:3,5
DA:4,5
DA:6,5
DA:7,5
DA:8,5
DA:10,5
LF:7
LH:7
BRF:0
BRH:0
end_of_record
TN:
SF:src/services/baseService.js
FN:2,(anonymous_0)
FN:6,(anonymous_1)
FN:10,(anonymous_2)
FN:14,(anonymous_3)
FN:18,(anonymous_4)
FN:24,(anonymous_5)
FNF:6
FNH:6
FNDA:29,(anonymous_0)
FNDA:2,(anonymous_1)
FNDA:11,(anonymous_2)
FNDA:2,(anonymous_3)
FNDA:2,(anonymous_4)
FNDA:2,(anonymous_5)
DA:3,29
DA:7,2
DA:11,11
DA:15,2
DA:19,2
DA:20,2
DA:21,1
DA:25,2
DA:26,2
DA:27,1
DA:28,1
DA:32,15
LF:12
LH:12
BRDA:6,0,0,1
BRDA:14,1,0,1
BRDA:20,2,0,1
BRDA:20,2,1,1
BRDA:26,3,0,1
BRDA:26,3,1,1
BRF:6
BRH:6
end_of_record
TN:
SF:src/services/customerService.js
FN:5,(anonymous_0)
FN:9,(anonymous_1)
FN:23,(anonymous_2)
FN:43,(anonymous_3)
FNF:4
FNH:4
FNDA:7,(anonymous_0)
FNDA:1,(anonymous_1)
FNDA:2,(anonymous_2)
FNDA:1,(anonymous_3)
DA:1,7
DA:2,7
DA:6,7
DA:10,1
DA:11,1
DA:12,1
DA:14,1
DA:15,1
DA:17,1
DA:19,1
DA:20,1
DA:24,2
DA:25,2
DA:26,2
DA:28,2
DA:29,0
DA:40,2
DA:44,1
DA:46,1
DA:47,0
DA:50,1
DA:54,7
LF:22
LH:20
BRDA:14,0,0,1
BRDA:14,0,1,0
BRDA:15,1,0,0
BRDA:15,1,1,1
BRDA:17,2,0,0
BRDA:17,2,1,1
BRDA:28,3,0,0
BRDA:28,3,1,2
BRDA:46,4,0,0
BRDA:46,4,1,1
BRF:10
BRH:5
end_of_record
TN:
SF:src/services/etlService.js
FN:8,(anonymous_0)
FN:9,(anonymous_1)
FN:11,normalizePhone
FN:26,cleanString
FN:32,(anonymous_4)
FNF:5
FNH:5
FNDA:10,(anonymous_0)
FNDA:2,(anonymous_1)
FNDA:3,normalizePhone
FNDA:12,cleanString
FNDA:4,(anonymous_4)
DA:1,6
DA:2,6
DA:3,6
DA:4,6
DA:5,6
DA:6,6
DA:8,10
DA:9,6
DA:12,3
DA:13,2
DA:15,2
DA:16,0
DA:17,2
DA:18,1
DA:19,1
DA:20,1
DA:23,0
DA:27,12
DA:28,4
DA:33,4
DA:36,4
DA:38,4
DA:40,4
DA:41,4
DA:46,3
DA:47,3
DA:49,1
DA:50,1
DA:54,0
DA:55,0
DA:56,0
DA:58,0
DA:62,3
DA:68,3
DA:70,3
DA:71,3
DA:73,3
DA:74,3
DA:75,3
DA:76,3
DA:77,3
DA:78,3
DA:79,3
DA:81,3
DA:82,3
DA:84,3
DA:85,2
DA:86,2
DA:87,2
DA:90,3
DA:91,0
DA:94,3
DA:96,3
DA:97,1
DA:98,1
DA:99,1
DA:102,2
DA:111,2
DA:112,2
DA:115,0
DA:116,0
DA:121,3
DA:122,3
DA:129,3
DA:133,6
LF:65
LH:56
BRDA:12,0,0,1
BRDA:12,0,1,2
BRDA:15,1,0,0
BRDA:15,1,1,2
BRDA:17,2,0,1
BRDA:17,2,1,1
BRDA:17,3,0,2
BRDA:17,3,1,1
BRDA:19,4,0,1
BRDA:19,4,1,0
BRDA:19,5,0,1
BRDA:19,5,1,1
BRDA:27,6,0,8
BRDA:27,6,1,4
BRDA:33,7,0,4
BRDA:33,7,1,0
BRDA:38,8,0,4
BRDA:38,8,1,0
BRDA:55,9,0,0
BRDA:55,9,1,0
BRDA:84,10,0,2
BRDA:84,10,1,1
BRDA:84,11,0,3
BRDA:84,11,1,3
BRDA:90,12,0,0
BRDA:90,12,1,3
BRDA:90,13,0,3
BRDA:90,13,1,0
BRDA:96,14,0,1
BRDA:96,14,1,2
BRDA:96,15,0,3
BRDA:96,15,1,1
BRDA:108,16,0,2
BRDA:108,16,1,2
BRDA:121,17,0,3
BRDA:121,17,1,0
BRDA:129,18,0,3
BRDA:129,18,1,0
BRF:38
BRH:28
end_of_record
TN:
SF:src/services/orderService.js
FN:6,(anonymous_0)
FN:10,(anonymous_1)
FN:58,(anonymous_2)
FNF:3
FNH:2
FNDA:6,(anonymous_0)
FNDA:2,(anonymous_1)
FNDA:0,(anonymous_2)
DA:1,6
DA:2,6
DA:3,6
DA:7,6
DA:11,2
DA:13,2
DA:14,2
DA:15,2
DA:17,2
DA:18,2
DA:19,2
DA:20,0
DA:23,2
DA:25,1
DA:26,1
DA:28,1
DA:35,1
DA:42,1
DA:43,1
DA:49,1
DA:50,1
DA:53,1
DA:54,1
DA:59,0
DA:60,0
DA:61,0
DA:65,6
LF:27
LH:23
BRDA:19,0,0,0
BRDA:19,0,1,2
BRDA:60,1,0,0
BRDA:60,1,1,0
BRF:4
BRH:1
end_of_record
TN:
SF:src/services/productService.js
FN:5,(anonymous_0)
FN:9,(anonymous_1)
FN:18,(anonymous_2)
FNF:3
FNH:3
FNDA:8,(anonymous_0)
FNDA:3,(anonymous_1)
FNDA:2,(anonymous_2)
DA:1,8
DA:2,8
DA:6,8
DA:10,3
DA:11,3
DA:13,3
DA:15,2
DA:19,2
DA:20,2
DA:22,2
DA:23,1
DA:26,1
DA:30,8
LF:13
LH:13
BRDA:11,0,0,0
BRDA:11,0,1,3
BRDA:13,1,0,1
BRDA:13,1,1,2
BRDA:20,2,0,0
BRDA:20,2,1,2
BRDA:22,3,0,1
BRDA:22,3,1,1
BRF:8
BRH:6
end_of_record
TN:
SF:src/utils/errorHandler.js
FN:5,(anonymous_0)
FNF:1
FNH:1
FNDA:2,(anonymous_0)
DA:1,6
DA:2,6
DA:3,6
DA:5,6
DA:6,2
DA:7,2
DA:10,2
DA:18,2
DA:19,2
DA:32,2
DA:35,2
DA:43,6
LF:12
LH:12
BRDA:6,0,0,2
BRDA:6,0,1,1
BRF:2
BRH:2
end_of_record
